./vm/include/floff.h:22: MINOR:C-L2
./vm/include/floff.h:24: MINOR:C-L2
./vm/include/floff.h:25: MINOR:C-L2
./vm/include/floff.h:26: MINOR:C-L2
./vm/include/floff.h:29: MINOR:C-L2
./vm/include/floff.h:30: MINOR:C-L2
./vm/include/floff.h:31: MINOR:C-L2
./vm/include/floff.h:33: MINOR:C-L2
./vm/include/floff.h:34: MINOR:C-L2
./vm/include/floff.h:36: MINOR:C-L2
./vm/include/floff.h:38: MINOR:C-L2
./vm/include/floff.h:39: MINOR:C-L2
./vm/include/floff.h:41: MINOR:C-L2
./vm/include/floff.h:42: MINOR:C-L2
./vm/include/floff.h:45: MINOR:C-L2
./vm/include/floff.h:47: MINOR:C-L2
./vm/include/floff.h:48: MINOR:C-L2
./vm/include/floff.h:49: MINOR:C-L2
./vm/include/floff.h:52: MINOR:C-L2
./vm/include/floff.h:53: MINOR:C-L2
./vm/include/floff.h:54: MINOR:C-L2
./vm/include/floff.h:56: MINOR:C-L2
./vm/include/floff.h:57: MINOR:C-L2
./vm/include/floff.h:59: MINOR:C-L2
./vm/include/floff.h:61: MINOR:C-L2
./vm/include/floff.h:62: MINOR:C-L2
./vm/include/floff.h:64: MINOR:C-L2
./vm/include/floff.h:65: MINOR:C-L2
./vm/include/floff.h:67: MINOR:C-L2
./vm/include/floff.h:68: MINOR:C-L2
./vm/include/floff.h:70: MINOR:C-L2
./vm/include/floff.h:71: MINOR:C-L2
./vm/include/floff.h:73: MINOR:C-L2
./vm/include/floff.h:74: MINOR:C-L2
./vm/include/floff.h:75: MINOR:C-L2
./vm/include/floff.h:77: MINOR:C-L2
./vm/include/floff.h:78: MINOR:C-L2
./vm/include/floff.h:79: MINOR:C-L2
./vm/include/floff.h:81: MINOR:C-L2
./vm/include/fluxify.h:13: MINOR:C-L2
./vm/include/fluxify.h:16: MINOR:C-L2
./vm/include/fluxify.h:18: MINOR:C-L2
./vm/include/fluxify.h:19: MINOR:C-L2
./vm/include/fluxify.h:22: MINOR:C-L2
./vm/include/fluxify.h:24: MINOR:C-L2
./vm/include/fluxify.h:26: MINOR:C-L2
./vm/include/fluxify.h:27: MINOR:C-L2
./vm/include/fluxify.h:30: MINOR:C-L2
./vm/include/fluxify.h:32: MINOR:C-L2
./vm/include/fluxify.h:33: MINOR:C-L2
./vm/include/fluxify.h:35: MINOR:C-L2
./vm/include/fluxify.h:35: MINOR:C-V1
./vm/include/fluxify.h:37: MINOR:C-L2
./vm/include/fluxify.h:37: MINOR:C-V1
./vm/include/fluxify.h:38: MINOR:C-L2
./vm/include/fluxify.h:39: MAJOR:C-F3
./vm/include/fluxify.h:39: MINOR:C-L2
./vm/include/fluxify.h:39: MINOR:C-V1
./vm/include/fluxify.h:40: MINOR:C-L2
./vm/include/fluxify.h:41: MINOR:C-L2
./vm/include/fluxify.h:42: MINOR:C-L2
./vm/include/fluxify.h:43: MINOR:C-L2
./vm/include/vm.h:9: MINOR:C-G3
./vm/lib/floff/floff.c:18: MINOR:C-L2
./vm/lib/floff/floff.c:19: MINOR:C-L2
./vm/lib/floff/floff.c:42: MINOR:C-L2
./vm/lib/floff/floff.h:22: MINOR:C-L2
./vm/lib/floff/floff.h:24: MINOR:C-L2
./vm/lib/floff/floff.h:25: MINOR:C-L2
./vm/lib/floff/floff.h:26: MINOR:C-L2
./vm/lib/floff/floff.h:29: MINOR:C-L2
./vm/lib/floff/floff.h:30: MINOR:C-L2
./vm/lib/floff/floff.h:31: MINOR:C-L2
./vm/lib/floff/floff.h:33: MINOR:C-L2
./vm/lib/floff/floff.h:34: MINOR:C-L2
./vm/lib/floff/floff.h:36: MINOR:C-L2
./vm/lib/floff/floff.h:38: MINOR:C-L2
./vm/lib/floff/floff.h:39: MINOR:C-L2
./vm/lib/floff/floff.h:41: MINOR:C-L2
./vm/lib/floff/floff.h:42: MINOR:C-L2
./vm/lib/floff/floff.h:45: MINOR:C-L2
./vm/lib/floff/floff.h:47: MINOR:C-L2
./vm/lib/floff/floff.h:48: MINOR:C-L2
./vm/lib/floff/floff.h:49: MINOR:C-L2
./vm/lib/floff/floff.h:52: MINOR:C-L2
./vm/lib/floff/floff.h:53: MINOR:C-L2
./vm/lib/floff/floff.h:54: MINOR:C-L2
./vm/lib/floff/floff.h:56: MINOR:C-L2
./vm/lib/floff/floff.h:57: MINOR:C-L2
./vm/lib/floff/floff.h:59: MINOR:C-L2
./vm/lib/floff/floff.h:61: MINOR:C-L2
./vm/lib/floff/floff.h:62: MINOR:C-L2
./vm/lib/floff/floff.h:64: MINOR:C-L2
./vm/lib/floff/floff.h:65: MINOR:C-L2
./vm/lib/floff/floff.h:67: MINOR:C-L2
./vm/lib/floff/floff.h:68: MINOR:C-L2
./vm/lib/floff/floff.h:70: MINOR:C-L2
./vm/lib/floff/floff.h:71: MINOR:C-L2
./vm/lib/floff/floff.h:73: MINOR:C-L2
./vm/lib/floff/floff.h:74: MINOR:C-L2
./vm/lib/floff/floff.h:75: MINOR:C-L2
./vm/lib/floff/floff.h:77: MINOR:C-L2
./vm/lib/floff/floff.h:78: MINOR:C-L2
./vm/lib/floff/floff.h:79: MINOR:C-L2
./vm/lib/floff/floff.h:81: MINOR:C-L2
./vm/lib/floff/floff32.c:24: MINOR:C-L6
./vm/lib/floff/floff32.c:27: MINOR:C-L6
./vm/lib/floff/floff32.c:30: MINOR:C-L6
./vm/lib/floff/floff32.c:32: MINOR:C-L6
./vm/lib/floff/floff32.c:41: MINOR:C-L2
./vm/lib/floff/floff32.c:49: MINOR:C-L2
./vm/lib/floff/floff32.c:57: MINOR:C-L2
./vm/lib/floff/floff32.c:67: MINOR:C-L2
./vm/lib/floff/floff32.c:68: MINOR:C-L2
./vm/lib/floff/floff32.c:86: MAJOR:C-F3
./vm/lib/floff/floff32.c:87: MAJOR:C-F3
./vm/lib/floff/floff32.c:94: MINOR:C-L2
./vm/lib/floff/floff32.c:95: MINOR:C-L2
./vm/lib/floff/floff32.c:110: MINOR:C-L2
./vm/lib/floff/floff32.c:111: MINOR:C-L2
./vm/lib/floff/floff32.c:117: MAJOR:C-F3
./vm/lib/floff/floff32.c:120: MINOR:C-L6
./vm/lib/floff/floff32.c:127: MINOR:C-L6
./vm/lib/floff/floff32.c:131: MAJOR:C-F3
./vm/lib/floff/floff32.c:133: MAJOR:C-F4
./vm/lib/floff/floff32.c:134: MAJOR:C-F3
./vm/lib/floff/floff32.c:134: MAJOR:C-F4
./vm/lib/floff/floff32.c:135: MAJOR:C-F4
./vm/lib/floff/floff32.c:136: MAJOR:C-F4
./vm/lib/floff/floff32.c:137: MAJOR:C-F4
./vm/lib/floff/floff32.c:142: MINOR:C-L2
./vm/lib/floff/floff32.c:143: MINOR:C-L2
./vm/lib/floff/floff32.c:162: MINOR:C-L2
./vm/lib/floff/floff32.c:172: MAJOR:C-C1
./vm/lib/floff/floff64.c:24: MINOR:C-L6
./vm/lib/floff/floff64.c:27: MINOR:C-L6
./vm/lib/floff/floff64.c:30: MINOR:C-L6
./vm/lib/floff/floff64.c:32: MINOR:C-L6
./vm/lib/floff/floff64.c:41: MINOR:C-L2
./vm/lib/floff/floff64.c:49: MINOR:C-L2
./vm/lib/floff/floff64.c:57: MINOR:C-L2
./vm/lib/floff/floff64.c:60: MINOR:C-L2
./vm/lib/floff/floff64.c:61: MINOR:C-L2
./vm/lib/floff/floff64.c:62: MINOR:C-L2
./vm/lib/floff/floff64.c:62: MINOR:C-L3
./vm/lib/floff/floff64.c:63: MINOR:C-L2
./vm/lib/floff/floff64.c:63: MINOR:C-L3
./vm/lib/floff/floff64.c:64: MINOR:C-L2
./vm/lib/floff/floff64.c:65: MINOR:C-L2
./vm/lib/floff/floff64.c:66: MINOR:C-L2
./vm/lib/floff/floff64.c:71: MINOR:C-L2
./vm/lib/floff/floff64.c:72: MINOR:C-L2
./vm/lib/floff/floff64.c:86: MAJOR:C-F3
./vm/lib/floff/floff64.c:87: MAJOR:C-F3
./vm/lib/floff/floff64.c:94: MINOR:C-L2
./vm/lib/floff/floff64.c:95: MINOR:C-L2
./vm/lib/floff/floff64.c:110: MINOR:C-L2
./vm/lib/floff/floff64.c:111: MINOR:C-L2
./vm/lib/floff/floff64.c:117: MINOR:C-L6
./vm/lib/floff/floff64.c:118: MAJOR:C-F3
./vm/lib/floff/floff64.c:121: MINOR:C-L6
./vm/lib/floff/floff64.c:128: MINOR:C-L6
./vm/lib/floff/floff64.c:132: MINOR:C-L6
./vm/lib/floff/floff64.c:133: MAJOR:C-F3
./vm/lib/floff/floff64.c:133: MAJOR:C-F4
./vm/lib/floff/floff64.c:134: MAJOR:C-F4
./vm/lib/floff/floff64.c:135: MAJOR:C-F4
./vm/lib/floff/floff64.c:136: MAJOR:C-F3
./vm/lib/floff/floff64.c:136: MAJOR:C-F4
./vm/lib/floff/floff64.c:137: MAJOR:C-F4
./vm/lib/floff/floff64.c:138: MAJOR:C-F4
./vm/lib/floff/floff64.c:139: MAJOR:C-F4
./vm/lib/floff/floff64.c:144: MINOR:C-L2
./vm/lib/floff/floff64.c:145: MINOR:C-L2
./vm/lib/floff/floff64.c:164: MINOR:C-L2
./vm/lib/floff/floff64.c:174: MAJOR:C-C1
./vm/lib/fluxify/fluxify.h:13: MINOR:C-L2
./vm/lib/fluxify/fluxify.h:16: MINOR:C-L2
./vm/lib/fluxify/fluxify.h:18: MINOR:C-L2
./vm/lib/fluxify/fluxify.h:19: MINOR:C-L2
./vm/lib/fluxify/fluxify.h:22: MINOR:C-L2
./vm/lib/fluxify/fluxify.h:24: MINOR:C-L2
./vm/lib/fluxify/fluxify.h:26: MINOR:C-L2
./vm/lib/fluxify/fluxify.h:27: MINOR:C-L2
./vm/lib/fluxify/fluxify.h:30: MINOR:C-L2
./vm/lib/fluxify/fluxify.h:32: MINOR:C-L2
./vm/lib/fluxify/fluxify.h:33: MINOR:C-L2
./vm/lib/fluxify/fluxify.h:35: MINOR:C-L2
./vm/lib/fluxify/fluxify.h:35: MINOR:C-V1
./vm/lib/fluxify/fluxify.h:37: MINOR:C-L2
./vm/lib/fluxify/fluxify.h:37: MINOR:C-V1
./vm/lib/fluxify/fluxify.h:38: MINOR:C-L2
./vm/lib/fluxify/fluxify.h:39: MAJOR:C-F3
./vm/lib/fluxify/fluxify.h:39: MINOR:C-L2
./vm/lib/fluxify/fluxify.h:39: MINOR:C-V1
./vm/lib/fluxify/fluxify.h:40: MINOR:C-L2
./vm/lib/fluxify/fluxify.h:41: MINOR:C-L2
./vm/lib/fluxify/fluxify.h:42: MINOR:C-L2
./vm/lib/fluxify/fluxify.h:43: MINOR:C-L2
./vm/lib/fluxify/garbage_collection.c:19: MAJOR:C-L5
./vm/lib/fluxify/garbage_collection.c:27: MAJOR:C-L1
./vm/lib/fluxify/object.c:10: MINOR:C-V1
./vm/lib/fluxify/object.c:25: MAJOR:C-L1
./vm/lib/fluxify/object.c:29: MINOR:C-V1
./vm/lib/libfloff.a:1: MAJOR:C-O1
./vm/lib/libfluxify.a:1: MAJOR:C-O1
./vm/main.c:14: MINOR:C-L2
./vm/main.c:15: MINOR:C-L2
./vm/main.c:19: MAJOR:C-L5
./vm/main.c:20: MINOR:C-L6
